<?xml version="1.0" encoding="UTF-8"?>
<!-- Generated by org.testng.reporters.JUnitReportReporter -->
<testsuite hostname="LAPTOP-E41G59HM" failures="0" tests="4" name="com.swagLabs.testCases.InventoryPageTest" time="0.000" errors="0" timestamp="2024-09-26T10:02:53 IST" skipped="4">
  <testcase classname="com.swagLabs.testCases.InventoryPageTest" name="validateProductCount" time="0.000">
    <skipped/>
  </testcase> <!-- validateProductCount -->
  <system-out/>
  <testcase classname="com.swagLabs.testCases.InventoryPageTest" name="validateProductDeatils" time="0.000">
    <skipped/>
  </testcase> <!-- validateProductDeatils -->
  <system-out/>
  <testcase classname="com.swagLabs.testCases.InventoryPageTest" name="validateaddToCart" time="0.000">
    <skipped/>
  </testcase> <!-- validateaddToCart -->
  <system-out/>
  <testcase classname="com.swagLabs.testCases.InventoryPageTest" name="validateCartPageInit" time="0.000">
    <skipped/>
  </testcase> <!-- validateCartPageInit -->
  <system-out/>
</testsuite> <!-- com.swagLabs.testCases.InventoryPageTest -->
