<?xml version="1.0" encoding="UTF-8"?>
<!-- Generated by org.testng.reporters.JUnitReportReporter -->
<testsuite hostname="LAPTOP-E41G59HM" failures="0" tests="1" name="com.swagLabs.testCases.CheckoutPageTest" time="0.000" errors="0" timestamp="2024-09-26T10:02:53 IST" skipped="1">
  <testcase classname="com.swagLabs.testCases.CheckoutPageTest" name="validateCheckout" time="0.000">
    <skipped/>
  </testcase> <!-- validateCheckout -->
  <system-out/>
</testsuite> <!-- com.swagLabs.testCases.CheckoutPageTest -->
