<?xml version="1.0" encoding="UTF-8"?>
<!-- Generated by org.testng.reporters.JUnitReportReporter -->
<testsuite hostname="LAPTOP-E41G59HM" failures="0" tests="3" name="com.swagLabs.testCases.LoginPageTest" time="0.000" errors="0" timestamp="2024-09-26T10:02:53 IST" skipped="3">
  <testcase classname="com.swagLabs.testCases.LoginPageTest" name="validateUrl" time="0.000">
    <skipped/>
  </testcase> <!-- validateUrl -->
  <system-out/>
  <testcase classname="com.swagLabs.testCases.LoginPageTest" name="validateTitle" time="0.000">
    <skipped/>
  </testcase> <!-- validateTitle -->
  <system-out/>
  <testcase classname="com.swagLabs.testCases.LoginPageTest" name="validateLogin" time="0.000">
    <skipped/>
  </testcase> <!-- validateLogin -->
  <system-out/>
</testsuite> <!-- com.swagLabs.testCases.LoginPageTest -->
