<?xml version="1.0" encoding="UTF-8"?>
<!-- Generated by org.testng.reporters.JUnitReportReporter -->
<testsuite hostname="LAPTOP-E41G59HM" failures="0" tests="3" name="com.swagLabs.testCases.CartPageTest" time="0.000" errors="0" timestamp="2024-09-26T10:02:53 IST" skipped="3">
  <testcase classname="com.swagLabs.testCases.CartPageTest" name="validateRemove" time="0.000">
    <skipped/>
  </testcase> <!-- validateRemove -->
  <system-out/>
  <testcase classname="com.swagLabs.testCases.CartPageTest" name="validateContinueShopping" time="0.000">
    <skipped/>
  </testcase> <!-- validateContinueShopping -->
  <system-out/>
  <testcase classname="com.swagLabs.testCases.CartPageTest" name="navigateToCheckoutPage" time="0.000">
    <skipped/>
  </testcase> <!-- navigateToCheckoutPage -->
  <system-out/>
</testsuite> <!-- com.swagLabs.testCases.CartPageTest -->
