<?xml version="1.0" encoding="UTF-8"?>
<!-- Generated by org.testng.reporters.JUnitReportReporter -->
<testsuite hostname="LAPTOP-E41G59HM" failures="0" tests="2" name="com.swagLabs.testCases.OverviewPageTest" time="0.000" errors="0" timestamp="2024-09-26T10:02:53 IST" skipped="2">
  <testcase classname="com.swagLabs.testCases.OverviewPageTest" name="validateSummary" time="0.000">
    <skipped/>
  </testcase> <!-- validateSummary -->
  <system-out/>
  <testcase classname="com.swagLabs.testCases.OverviewPageTest" name="validateCompleteOrder" time="0.000">
    <skipped/>
  </testcase> <!-- validateCompleteOrder -->
  <system-out/>
</testsuite> <!-- com.swagLabs.testCases.OverviewPageTest -->
